<?xml version="1.0" encoding="UTF-8" ?>
<testsuite tests="3" failures="0" name="junitreportgeneration.JUnitReportGenerationTest" time="0.005" errors="0" skipped="0">
  <properties>
[...]
</properties>
  <testcase classname="junitreportgeneration.JUnitReportGenerationTest" name="equalToTest" time="0.005"/>
  <testcase classname="junitreportgeneration.JUnitReportGenerationTest" name="instanceOfTest" time="0"/>
  <testcase classname="junitreportgeneration.JUnitReportGenerationTest" name="assertTrueTest" time="0"/>
</testsuite>